2022-07-07 16:32:31,447:INFO:PyCaret Supervised Module
2022-07-07 16:32:31,447:INFO:ML Usecase: regression
2022-07-07 16:32:31,447:INFO:version 2.3.5
2022-07-07 16:32:31,447:INFO:Initializing setup()
2022-07-07 16:32:31,447:INFO:setup(target=LN_IC50, ml_usecase=regression, available_plots={'parameter': 'Hyperparameters', 'residuals': 'Residuals', 'error': 'Prediction Error', 'cooks': 'Cooks Distance', 'rfe': 'Feature Selection', 'learning': 'Learning Curve', 'manifold': 'Manifold Learning', 'vc': 'Validation Curve', 'feature': 'Feature Importance', 'feature_all': 'Feature Importance (All)', 'tree': 'Decision Tree', 'residuals_interactive': 'Interactive Residuals'}, train_size=0.7, test_data=      LN_IC50_t   LN_IC50
0      0.441285 -0.251083
15     0.439322 -0.287232
19     0.386204 -1.265275
41     0.333084 -2.243342
60     0.679358  4.132475
...         ...       ...
3849   0.762761  5.668140
3912   0.757610  5.573314
3914   0.735791  5.171566
3920   0.656997  3.720758
3941   0.586409  2.421037

[22845 rows x 2 columns], preprocess=True, imputation_type=simple, iterative_imputation_iters=5, categorical_features=None, categorical_imputation=constant, categorical_iterative_imputer=lightgbm, ordinal_features=None, high_cardinality_features=None, high_cardinality_method=frequency, numeric_features=['LN_IC50_t'], numeric_imputation=mean, numeric_iterative_imputer=lightgbm, date_features=None, ignore_features=None, normalize=False, normalize_method=zscore, transformation=False, transformation_method=yeo-johnson, handle_unknown_categorical=True, unknown_categorical_method=least_frequent, pca=False, pca_method=linear, pca_components=None, ignore_low_variance=False, combine_rare_levels=False, rare_level_threshold=0.1, bin_numeric_features=None, remove_outliers=False, outliers_threshold=0.05, remove_multicollinearity=False, multicollinearity_threshold=0.9, remove_perfect_collinearity=True, create_clusters=False, cluster_iter=20, polynomial_features=True, polynomial_degree=3, trigonometry_features=False, polynomial_threshold=0.1, group_features=None, group_names=None, feature_selection=False, feature_selection_threshold=0.8, feature_selection_method=classic, feature_interaction=False, feature_ratio=False, interaction_threshold=0.01, fix_imbalance=False, fix_imbalance_method=None, transform_target=False, transform_target_method=box-cox, data_split_shuffle=True, data_split_stratify=False, fold_strategy=kfold, fold=10, fold_shuffle=False, fold_groups=None, n_jobs=-1, use_gpu=True, custom_pipeline=None, html=True, session_id=None, log_experiment=False, experiment_name=None, log_plots=False, log_profile=False, log_data=False, silent=False, verbose=True, profile=False, profile_kwargs=None, display=None)
2022-07-07 16:32:31,447:INFO:Checking environment
2022-07-07 16:32:31,448:INFO:python_version: 3.7.11
2022-07-07 16:32:31,448:INFO:python_build: ('default', 'Jul 27 2021 14:32:16')
2022-07-07 16:32:31,448:INFO:machine: x86_64
2022-07-07 16:32:31,448:INFO:platform: Linux-3.10.0-1160.24.1.el7.x86_64-x86_64-with-redhat-7.9-Maipo
2022-07-07 16:32:31,448:WARNING:cannot find psutil installation. memory not traceable. Install psutil using pip to enable memory logging.
2022-07-07 16:32:31,448:INFO:Checking libraries
2022-07-07 16:32:31,448:INFO:pd==1.3.3
2022-07-07 16:32:31,448:INFO:numpy==1.19.5
2022-07-07 16:32:31,449:INFO:sklearn==0.23.2
2022-07-07 16:32:31,449:INFO:lightgbm==3.3.1
2022-07-07 16:32:31,449:WARNING:catboost not found
2022-07-07 16:32:31,449:WARNING:xgboost not found
2022-07-07 16:32:35,064:INFO:mlflow==1.22.0
2022-07-07 16:32:35,064:INFO:Checking Exceptions
2022-07-07 16:32:35,064:INFO:Declaring global variables
2022-07-07 16:32:35,064:INFO:USI: 49bb
2022-07-07 16:32:35,065:INFO:pycaret_globals: {'transform_target_method_param', 'imputation_classifier', 'gpu_param', 'fold_generator', 'imputation_regressor', 'experiment__', 'fix_imbalance_param', '_gpu_n_jobs_param', 'html_param', 'display_container', 'exp_name_log', 'log_plots_param', 'X_test', '_all_models_internal', 'transform_target_param', 'logging_param', 'X', 'y_train', 'fix_imbalance_method_param', 'fold_groups_param_full', 'data_before_preprocess', 'pycaret_globals', 'X_train', 'target_param', 'fold_param', 'seed', 'USI', 'stratify_param', 'prep_pipe', 'master_model_container', 'y', 'fold_shuffle_param', 'create_model_container', 'n_jobs_param', 'iterative_imputation_iters_param', '_all_metrics', '_internal_pipeline', '_all_models', 'y_test', '_available_plots', '_ml_usecase', 'fold_groups_param'}
2022-07-07 16:32:35,065:INFO:Preparing display monitor
2022-07-07 16:32:35,065:INFO:Preparing display monitor
2022-07-07 16:32:35,103:INFO:Importing libraries
2022-07-07 16:32:35,103:INFO:Copying data for preprocessing
2022-07-07 16:32:35,109:INFO:Declaring preprocessing parameters
2022-07-07 16:32:35,110:WARNING:cuML not found
2022-07-07 16:32:35,110:WARNING:cuML is outdated or not found. Required version is >=0.15, got 3.3.1
2022-07-07 16:32:35,111:INFO:Creating preprocessing pipeline
2022-07-07 16:32:35,200:INFO:Preprocessing pipeline created successfully
2022-07-07 16:32:35,200:ERROR:(Process Exit): setup has been interupted with user command 'quit'. setup must rerun.
2022-07-07 16:32:35,200:INFO:Creating global containers
2022-07-07 16:32:35,213:INFO:Internal pipeline: Pipeline(memory=None, steps=[('empty_step', 'passthrough')], verbose=False)
2022-07-07 16:32:39,354:WARNING:Couldn't import cuml.linear_model.LinearRegression
2022-07-07 16:32:39,354:WARNING:Couldn't import cuml.linear_model.Lasso
2022-07-07 16:32:39,358:WARNING:Couldn't import cuml.linear_model.Ridge
2022-07-07 16:32:39,363:WARNING:Couldn't import cuml.linear_model.ElasticNet
2022-07-07 16:32:39,433:WARNING:Couldn't import cuml.svm.SVR
2022-07-07 16:32:39,473:WARNING:Couldn't import cuml.neighbors.KNeighborsRegressor
2022-07-07 16:32:39,474:WARNING:Couldn't import cuml.ensemble
2022-07-07 16:32:39,474:WARNING:Couldn't import xgboost.XGBRegressor
2022-07-07 16:32:40,583:WARNING:Couldn't import catboost.CatBoostRegressor
2022-07-07 16:32:40,583:WARNING:Couldn't import cuml.linear_model.LinearRegression
2022-07-07 16:32:40,583:WARNING:Couldn't import cuml.linear_model.Lasso
2022-07-07 16:32:40,588:WARNING:Couldn't import cuml.linear_model.Ridge
2022-07-07 16:32:40,592:WARNING:Couldn't import cuml.linear_model.ElasticNet
2022-07-07 16:32:40,639:WARNING:Couldn't import cuml.svm.SVR
2022-07-07 16:32:40,679:WARNING:Couldn't import cuml.neighbors.KNeighborsRegressor
2022-07-07 16:32:40,679:WARNING:Couldn't import cuml.ensemble
2022-07-07 16:32:40,679:WARNING:Couldn't import xgboost.XGBRegressor
2022-07-07 16:32:40,681:WARNING:Couldn't import catboost.CatBoostRegressor
2022-07-07 16:32:40,681:INFO:Creating grid variables
2022-07-07 16:32:40,692:INFO:create_model_container: 0
2022-07-07 16:32:40,693:INFO:master_model_container: 0
2022-07-07 16:32:40,693:INFO:display_container: 1
2022-07-07 16:32:40,697:INFO:Pipeline(memory=None,
         steps=[('dtypes',
                 DataTypes_Auto_infer(categorical_features=[],
                                      display_types=True, features_todrop=[],
                                      id_columns=[], ml_usecase='regression',
                                      numerical_features=['LN_IC50_t'],
                                      target='LN_IC50', time_features=[])),
                ('imputer',
                 Simple_Imputer(categorical_strategy='not_available',
                                fill_value_categorical=None,
                                fill_value_numerical=None,
                                numer...
                ('scaling', 'passthrough'), ('P_transform', 'passthrough'),
                ('binn', 'passthrough'), ('rem_outliers', 'passthrough'),
                ('cluster_all', 'passthrough'),
                ('dummy', Dummify(target='LN_IC50')),
                ('fix_perfect', Remove_100(target='LN_IC50')),
                ('clean_names', Clean_Colum_Names()),
                ('feature_select', 'passthrough'), ('fix_multi', 'passthrough'),
                ('dfs', 'passthrough'), ('pca', 'passthrough')],
         verbose=False)
2022-07-07 16:32:40,697:INFO:setup() succesfully completed......................................
2022-07-07 16:33:01,174:INFO:Initializing compare_models()
2022-07-07 16:33:01,175:INFO:compare_models(include=None, fold=None, round=4, cross_validation=True, sort=R2, n_select=1, budget_time=None, turbo=True, errors=ignore, fit_kwargs=None, groups=None, probability_threshold=None, verbose=True, display=None, exclude=None)
2022-07-07 16:33:01,175:INFO:Checking exceptions
2022-07-07 16:33:01,175:INFO:Preparing display monitor
2022-07-07 16:33:01,175:INFO:Preparing display monitor
2022-07-07 16:33:01,194:INFO:Initializing Linear Regression
2022-07-07 16:33:01,195:INFO:Total runtime is 2.022584279378255e-06 minutes
2022-07-07 16:33:01,200:INFO:SubProcess create_model() called ==================================
2022-07-07 16:33:01,200:INFO:Initializing create_model()
2022-07-07 16:33:01,200:INFO:create_model(estimator=lr, fold=KFold(n_splits=10, random_state=None, shuffle=False), round=4, cross_validation=True, predict=True, fit_kwargs={}, groups=None, refit=False, verbose=False, system=False, metrics=None, add_to_model_list=True, probability_threshold=None, display=<pycaret.internal.Display.Display object at 0x2aab6fd48350>, kwargs={})
2022-07-07 16:33:01,200:INFO:Checking exceptions
2022-07-07 16:33:01,200:INFO:Importing libraries
2022-07-07 16:33:01,200:INFO:Copying training dataset
2022-07-07 16:33:01,201:INFO:Defining folds
2022-07-07 16:33:01,201:INFO:Declaring metric variables
2022-07-07 16:33:01,206:INFO:Importing untrained model
2022-07-07 16:33:01,212:INFO:Linear Regression Imported succesfully
2022-07-07 16:33:01,222:INFO:Starting cross validation
2022-07-07 16:33:01,262:INFO:Cross validating with KFold(n_splits=10, random_state=None, shuffle=False), n_jobs=1
2022-07-07 16:33:01,500:INFO:Calculating mean and std
2022-07-07 16:33:01,500:INFO:Creating metrics dataframe
2022-07-07 16:33:01,503:INFO:Uploading results into container
2022-07-07 16:33:01,503:INFO:Uploading model into container now
2022-07-07 16:33:01,503:INFO:create_model_container: 1
2022-07-07 16:33:01,503:INFO:master_model_container: 1
2022-07-07 16:33:01,503:INFO:display_container: 2
2022-07-07 16:33:01,504:INFO:LinearRegression(copy_X=True, fit_intercept=True, n_jobs=-1, normalize=False)
2022-07-07 16:33:01,504:INFO:create_model() succesfully completed......................................
2022-07-07 16:33:01,616:INFO:SubProcess create_model() end ==================================
2022-07-07 16:33:01,616:INFO:Creating metrics dataframe
2022-07-07 16:33:01,627:INFO:Initializing Lasso Regression
2022-07-07 16:33:01,627:INFO:Total runtime is 0.007203483581542968 minutes
2022-07-07 16:33:01,632:INFO:SubProcess create_model() called ==================================
2022-07-07 16:33:01,632:INFO:Initializing create_model()
2022-07-07 16:33:01,633:INFO:create_model(estimator=lasso, fold=KFold(n_splits=10, random_state=None, shuffle=False), round=4, cross_validation=True, predict=True, fit_kwargs={}, groups=None, refit=False, verbose=False, system=False, metrics=None, add_to_model_list=True, probability_threshold=None, display=<pycaret.internal.Display.Display object at 0x2aab6fd48350>, kwargs={})
2022-07-07 16:33:01,633:INFO:Checking exceptions
2022-07-07 16:33:01,633:INFO:Importing libraries
2022-07-07 16:33:01,633:INFO:Copying training dataset
2022-07-07 16:33:01,634:INFO:Defining folds
2022-07-07 16:33:01,634:INFO:Declaring metric variables
2022-07-07 16:33:01,639:INFO:Importing untrained model
2022-07-07 16:33:01,644:INFO:Lasso Regression Imported succesfully
2022-07-07 16:33:01,654:INFO:Starting cross validation
2022-07-07 16:33:01,654:INFO:Cross validating with KFold(n_splits=10, random_state=None, shuffle=False), n_jobs=1
2022-07-07 16:33:01,761:INFO:Calculating mean and std
2022-07-07 16:33:01,762:INFO:Creating metrics dataframe
2022-07-07 16:33:01,765:INFO:Uploading results into container
2022-07-07 16:33:01,765:INFO:Uploading model into container now
2022-07-07 16:33:01,765:INFO:create_model_container: 2
2022-07-07 16:33:01,765:INFO:master_model_container: 2
2022-07-07 16:33:01,765:INFO:display_container: 2
2022-07-07 16:33:01,765:INFO:Lasso(alpha=1.0, copy_X=True, fit_intercept=True, max_iter=1000,
      normalize=False, positive=False, precompute=False, random_state=930,
      selection='cyclic', tol=0.0001, warm_start=False)
2022-07-07 16:33:01,765:INFO:create_model() succesfully completed......................................
2022-07-07 16:33:01,859:INFO:SubProcess create_model() end ==================================
2022-07-07 16:33:01,859:INFO:Creating metrics dataframe
2022-07-07 16:33:01,871:INFO:Initializing Ridge Regression
2022-07-07 16:33:01,871:INFO:Total runtime is 0.011281863848368327 minutes
2022-07-07 16:33:01,877:INFO:SubProcess create_model() called ==================================
2022-07-07 16:33:01,877:INFO:Initializing create_model()
2022-07-07 16:33:01,877:INFO:create_model(estimator=ridge, fold=KFold(n_splits=10, random_state=None, shuffle=False), round=4, cross_validation=True, predict=True, fit_kwargs={}, groups=None, refit=False, verbose=False, system=False, metrics=None, add_to_model_list=True, probability_threshold=None, display=<pycaret.internal.Display.Display object at 0x2aab6fd48350>, kwargs={})
2022-07-07 16:33:01,877:INFO:Checking exceptions
2022-07-07 16:33:01,877:INFO:Importing libraries
2022-07-07 16:33:01,877:INFO:Copying training dataset
2022-07-07 16:33:01,878:INFO:Defining folds
2022-07-07 16:33:01,878:INFO:Declaring metric variables
2022-07-07 16:33:01,884:INFO:Importing untrained model
2022-07-07 16:33:01,889:INFO:Ridge Regression Imported succesfully
2022-07-07 16:33:01,899:INFO:Starting cross validation
2022-07-07 16:33:01,899:INFO:Cross validating with KFold(n_splits=10, random_state=None, shuffle=False), n_jobs=1
2022-07-07 16:33:01,974:INFO:Calculating mean and std
2022-07-07 16:33:01,975:INFO:Creating metrics dataframe
2022-07-07 16:33:01,978:INFO:Uploading results into container
2022-07-07 16:33:01,978:INFO:Uploading model into container now
2022-07-07 16:33:01,978:INFO:create_model_container: 3
2022-07-07 16:33:01,978:INFO:master_model_container: 3
2022-07-07 16:33:01,978:INFO:display_container: 2
2022-07-07 16:33:01,978:INFO:Ridge(alpha=1.0, copy_X=True, fit_intercept=True, max_iter=None,
      normalize=False, random_state=930, solver='auto', tol=0.001)
2022-07-07 16:33:01,978:INFO:create_model() succesfully completed......................................
2022-07-07 16:33:02,067:INFO:SubProcess create_model() end ==================================
2022-07-07 16:33:02,067:INFO:Creating metrics dataframe
2022-07-07 16:33:02,079:INFO:Initializing Elastic Net
2022-07-07 16:33:02,079:INFO:Total runtime is 0.014748628934224446 minutes
2022-07-07 16:33:02,085:INFO:SubProcess create_model() called ==================================
2022-07-07 16:33:02,085:INFO:Initializing create_model()
2022-07-07 16:33:02,085:INFO:create_model(estimator=en, fold=KFold(n_splits=10, random_state=None, shuffle=False), round=4, cross_validation=True, predict=True, fit_kwargs={}, groups=None, refit=False, verbose=False, system=False, metrics=None, add_to_model_list=True, probability_threshold=None, display=<pycaret.internal.Display.Display object at 0x2aab6fd48350>, kwargs={})
2022-07-07 16:33:02,085:INFO:Checking exceptions
2022-07-07 16:33:02,085:INFO:Importing libraries
2022-07-07 16:33:02,085:INFO:Copying training dataset
2022-07-07 16:33:02,086:INFO:Defining folds
2022-07-07 16:33:02,086:INFO:Declaring metric variables
2022-07-07 16:33:02,091:INFO:Importing untrained model
2022-07-07 16:33:02,096:INFO:Elastic Net Imported succesfully
2022-07-07 16:33:02,107:INFO:Starting cross validation
2022-07-07 16:33:02,107:INFO:Cross validating with KFold(n_splits=10, random_state=None, shuffle=False), n_jobs=1
2022-07-07 16:33:02,192:INFO:Calculating mean and std
2022-07-07 16:33:02,193:INFO:Creating metrics dataframe
2022-07-07 16:33:02,196:INFO:Uploading results into container
2022-07-07 16:33:02,196:INFO:Uploading model into container now
2022-07-07 16:33:02,196:INFO:create_model_container: 4
2022-07-07 16:33:02,196:INFO:master_model_container: 4
2022-07-07 16:33:02,196:INFO:display_container: 2
2022-07-07 16:33:02,197:INFO:ElasticNet(alpha=1.0, copy_X=True, fit_intercept=True, l1_ratio=0.5,
           max_iter=1000, normalize=False, positive=False, precompute=False,
           random_state=930, selection='cyclic', tol=0.0001, warm_start=False)
2022-07-07 16:33:02,197:INFO:create_model() succesfully completed......................................
2022-07-07 16:33:02,291:INFO:SubProcess create_model() end ==================================
2022-07-07 16:33:02,291:INFO:Creating metrics dataframe
2022-07-07 16:33:02,303:INFO:Initializing Least Angle Regression
2022-07-07 16:33:02,303:INFO:Total runtime is 0.018483599026997883 minutes
2022-07-07 16:33:02,309:INFO:SubProcess create_model() called ==================================
2022-07-07 16:33:02,309:INFO:Initializing create_model()
2022-07-07 16:33:02,309:INFO:create_model(estimator=lar, fold=KFold(n_splits=10, random_state=None, shuffle=False), round=4, cross_validation=True, predict=True, fit_kwargs={}, groups=None, refit=False, verbose=False, system=False, metrics=None, add_to_model_list=True, probability_threshold=None, display=<pycaret.internal.Display.Display object at 0x2aab6fd48350>, kwargs={})
2022-07-07 16:33:02,309:INFO:Checking exceptions
2022-07-07 16:33:02,309:INFO:Importing libraries
2022-07-07 16:33:02,309:INFO:Copying training dataset
2022-07-07 16:33:02,310:INFO:Defining folds
2022-07-07 16:33:02,310:INFO:Declaring metric variables
2022-07-07 16:33:02,315:INFO:Importing untrained model
2022-07-07 16:33:02,320:INFO:Least Angle Regression Imported succesfully
2022-07-07 16:33:02,330:INFO:Starting cross validation
2022-07-07 16:33:02,331:INFO:Cross validating with KFold(n_splits=10, random_state=None, shuffle=False), n_jobs=1
2022-07-07 16:33:02,409:INFO:Calculating mean and std
2022-07-07 16:33:02,410:INFO:Creating metrics dataframe
2022-07-07 16:33:02,413:INFO:Uploading results into container
2022-07-07 16:33:02,413:INFO:Uploading model into container now
2022-07-07 16:33:02,413:INFO:create_model_container: 5
2022-07-07 16:33:02,413:INFO:master_model_container: 5
2022-07-07 16:33:02,413:INFO:display_container: 2
2022-07-07 16:33:02,413:INFO:Lars(copy_X=True, eps=2.220446049250313e-16, fit_intercept=True, fit_path=True,
     jitter=None, n_nonzero_coefs=500, normalize=True, precompute='auto',
     random_state=930, verbose=False)
2022-07-07 16:33:02,413:INFO:create_model() succesfully completed......................................
2022-07-07 16:33:02,479:INFO:SubProcess create_model() end ==================================
2022-07-07 16:33:02,479:INFO:Creating metrics dataframe
2022-07-07 16:33:02,491:INFO:Initializing Lasso Least Angle Regression
2022-07-07 16:33:02,491:INFO:Total runtime is 0.02161511977513631 minutes
2022-07-07 16:33:02,498:INFO:SubProcess create_model() called ==================================
2022-07-07 16:33:02,498:INFO:Initializing create_model()
2022-07-07 16:33:02,498:INFO:create_model(estimator=llar, fold=KFold(n_splits=10, random_state=None, shuffle=False), round=4, cross_validation=True, predict=True, fit_kwargs={}, groups=None, refit=False, verbose=False, system=False, metrics=None, add_to_model_list=True, probability_threshold=None, display=<pycaret.internal.Display.Display object at 0x2aab6fd48350>, kwargs={})
2022-07-07 16:33:02,498:INFO:Checking exceptions
2022-07-07 16:33:02,498:INFO:Importing libraries
2022-07-07 16:33:02,498:INFO:Copying training dataset
2022-07-07 16:33:02,499:INFO:Defining folds
2022-07-07 16:33:02,499:INFO:Declaring metric variables
2022-07-07 16:33:02,504:INFO:Importing untrained model
2022-07-07 16:33:02,509:INFO:Lasso Least Angle Regression Imported succesfully
2022-07-07 16:33:02,519:INFO:Starting cross validation
2022-07-07 16:33:02,519:INFO:Cross validating with KFold(n_splits=10, random_state=None, shuffle=False), n_jobs=1
2022-07-07 16:33:02,596:INFO:Calculating mean and std
2022-07-07 16:33:02,596:INFO:Creating metrics dataframe
2022-07-07 16:33:02,599:INFO:Uploading results into container
2022-07-07 16:33:02,599:INFO:Uploading model into container now
2022-07-07 16:33:02,599:INFO:create_model_container: 6
2022-07-07 16:33:02,599:INFO:master_model_container: 6
2022-07-07 16:33:02,599:INFO:display_container: 2
2022-07-07 16:33:02,599:INFO:LassoLars(alpha=1.0, copy_X=True, eps=2.220446049250313e-16, fit_intercept=True,
          fit_path=True, jitter=None, max_iter=500, normalize=True,
          positive=False, precompute='auto', random_state=930, verbose=False)
2022-07-07 16:33:02,599:INFO:create_model() succesfully completed......................................
2022-07-07 16:33:02,664:INFO:SubProcess create_model() end ==================================
2022-07-07 16:33:02,664:INFO:Creating metrics dataframe
2022-07-07 16:33:02,676:INFO:Initializing Orthogonal Matching Pursuit
2022-07-07 16:33:02,676:INFO:Total runtime is 0.02469633420308431 minutes
2022-07-07 16:33:02,683:INFO:SubProcess create_model() called ==================================
2022-07-07 16:33:02,684:INFO:Initializing create_model()
2022-07-07 16:33:02,684:INFO:create_model(estimator=omp, fold=KFold(n_splits=10, random_state=None, shuffle=False), round=4, cross_validation=True, predict=True, fit_kwargs={}, groups=None, refit=False, verbose=False, system=False, metrics=None, add_to_model_list=True, probability_threshold=None, display=<pycaret.internal.Display.Display object at 0x2aab6fd48350>, kwargs={})
2022-07-07 16:33:02,684:INFO:Checking exceptions
2022-07-07 16:33:02,684:INFO:Importing libraries
2022-07-07 16:33:02,684:INFO:Copying training dataset
2022-07-07 16:33:02,685:INFO:Defining folds
2022-07-07 16:33:02,685:INFO:Declaring metric variables
2022-07-07 16:33:02,690:INFO:Importing untrained model
2022-07-07 16:33:02,695:INFO:Orthogonal Matching Pursuit Imported succesfully
2022-07-07 16:33:02,705:INFO:Starting cross validation
2022-07-07 16:33:02,705:INFO:Cross validating with KFold(n_splits=10, random_state=None, shuffle=False), n_jobs=1
2022-07-07 16:33:02,782:INFO:Calculating mean and std
2022-07-07 16:33:02,782:INFO:Creating metrics dataframe
2022-07-07 16:33:02,785:INFO:Uploading results into container
2022-07-07 16:33:02,785:INFO:Uploading model into container now
2022-07-07 16:33:02,785:INFO:create_model_container: 7
2022-07-07 16:33:02,785:INFO:master_model_container: 7
2022-07-07 16:33:02,785:INFO:display_container: 2
2022-07-07 16:33:02,785:INFO:OrthogonalMatchingPursuit(fit_intercept=True, n_nonzero_coefs=None,
                          normalize=True, precompute='auto', tol=None)
2022-07-07 16:33:02,785:INFO:create_model() succesfully completed......................................
2022-07-07 16:33:02,849:INFO:SubProcess create_model() end ==================================
2022-07-07 16:33:02,849:INFO:Creating metrics dataframe
2022-07-07 16:33:02,862:INFO:Initializing Bayesian Ridge
2022-07-07 16:33:02,862:INFO:Total runtime is 0.027792465686798096 minutes
2022-07-07 16:33:02,869:INFO:SubProcess create_model() called ==================================
2022-07-07 16:33:02,870:INFO:Initializing create_model()
2022-07-07 16:33:02,870:INFO:create_model(estimator=br, fold=KFold(n_splits=10, random_state=None, shuffle=False), round=4, cross_validation=True, predict=True, fit_kwargs={}, groups=None, refit=False, verbose=False, system=False, metrics=None, add_to_model_list=True, probability_threshold=None, display=<pycaret.internal.Display.Display object at 0x2aab6fd48350>, kwargs={})
2022-07-07 16:33:02,870:INFO:Checking exceptions
2022-07-07 16:33:02,870:INFO:Importing libraries
2022-07-07 16:33:02,870:INFO:Copying training dataset
2022-07-07 16:33:02,871:INFO:Defining folds
2022-07-07 16:33:02,871:INFO:Declaring metric variables
2022-07-07 16:33:02,876:INFO:Importing untrained model
2022-07-07 16:33:02,882:INFO:Bayesian Ridge Imported succesfully
2022-07-07 16:33:02,893:INFO:Starting cross validation
2022-07-07 16:33:02,894:INFO:Cross validating with KFold(n_splits=10, random_state=None, shuffle=False), n_jobs=1
2022-07-07 16:33:03,191:INFO:Calculating mean and std
2022-07-07 16:33:03,192:INFO:Creating metrics dataframe
2022-07-07 16:33:03,200:INFO:Uploading results into container
2022-07-07 16:33:03,205:INFO:Uploading model into container now
2022-07-07 16:33:03,205:INFO:create_model_container: 8
2022-07-07 16:33:03,205:INFO:master_model_container: 8
2022-07-07 16:33:03,205:INFO:display_container: 2
2022-07-07 16:33:03,205:INFO:BayesianRidge(alpha_1=1e-06, alpha_2=1e-06, alpha_init=None,
              compute_score=False, copy_X=True, fit_intercept=True,
              lambda_1=1e-06, lambda_2=1e-06, lambda_init=None, n_iter=300,
              normalize=False, tol=0.001, verbose=False)
2022-07-07 16:33:03,206:INFO:create_model() succesfully completed......................................
2022-07-07 16:33:03,309:INFO:SubProcess create_model() end ==================================
2022-07-07 16:33:03,309:INFO:Creating metrics dataframe
2022-07-07 16:33:03,322:INFO:Initializing Passive Aggressive Regressor
2022-07-07 16:33:03,322:INFO:Total runtime is 0.035464994112650555 minutes
2022-07-07 16:33:03,328:INFO:SubProcess create_model() called ==================================
2022-07-07 16:33:03,329:INFO:Initializing create_model()
2022-07-07 16:33:03,329:INFO:create_model(estimator=par, fold=KFold(n_splits=10, random_state=None, shuffle=False), round=4, cross_validation=True, predict=True, fit_kwargs={}, groups=None, refit=False, verbose=False, system=False, metrics=None, add_to_model_list=True, probability_threshold=None, display=<pycaret.internal.Display.Display object at 0x2aab6fd48350>, kwargs={})
2022-07-07 16:33:03,329:INFO:Checking exceptions
2022-07-07 16:33:03,329:INFO:Importing libraries
2022-07-07 16:33:03,329:INFO:Copying training dataset
2022-07-07 16:33:03,329:INFO:Defining folds
2022-07-07 16:33:03,330:INFO:Declaring metric variables
2022-07-07 16:33:03,335:INFO:Importing untrained model
2022-07-07 16:33:03,341:INFO:Passive Aggressive Regressor Imported succesfully
2022-07-07 16:33:03,352:INFO:Starting cross validation
2022-07-07 16:33:03,353:INFO:Cross validating with KFold(n_splits=10, random_state=None, shuffle=False), n_jobs=1
2022-07-07 16:33:03,678:INFO:Calculating mean and std
2022-07-07 16:33:03,678:INFO:Creating metrics dataframe
2022-07-07 16:33:03,681:INFO:Uploading results into container
2022-07-07 16:33:03,681:INFO:Uploading model into container now
2022-07-07 16:33:03,681:INFO:create_model_container: 9
2022-07-07 16:33:03,681:INFO:master_model_container: 9
2022-07-07 16:33:03,681:INFO:display_container: 2
2022-07-07 16:33:03,682:INFO:PassiveAggressiveRegressor(C=1.0, average=False, early_stopping=False,
                           epsilon=0.1, fit_intercept=True,
                           loss='epsilon_insensitive', max_iter=1000,
                           n_iter_no_change=5, random_state=930, shuffle=True,
                           tol=0.001, validation_fraction=0.1, verbose=0,
                           warm_start=False)
2022-07-07 16:33:03,682:INFO:create_model() succesfully completed......................................
2022-07-07 16:33:03,768:INFO:SubProcess create_model() end ==================================
2022-07-07 16:33:03,768:INFO:Creating metrics dataframe
2022-07-07 16:33:03,781:INFO:Initializing Huber Regressor
2022-07-07 16:33:03,781:INFO:Total runtime is 0.04311652978261312 minutes
2022-07-07 16:33:03,787:INFO:SubProcess create_model() called ==================================
2022-07-07 16:33:03,788:INFO:Initializing create_model()
2022-07-07 16:33:03,788:INFO:create_model(estimator=huber, fold=KFold(n_splits=10, random_state=None, shuffle=False), round=4, cross_validation=True, predict=True, fit_kwargs={}, groups=None, refit=False, verbose=False, system=False, metrics=None, add_to_model_list=True, probability_threshold=None, display=<pycaret.internal.Display.Display object at 0x2aab6fd48350>, kwargs={})
2022-07-07 16:33:03,788:INFO:Checking exceptions
2022-07-07 16:33:03,788:INFO:Importing libraries
2022-07-07 16:33:03,788:INFO:Copying training dataset
2022-07-07 16:33:03,789:INFO:Defining folds
2022-07-07 16:33:03,789:INFO:Declaring metric variables
2022-07-07 16:33:03,794:INFO:Importing untrained model
2022-07-07 16:33:03,800:INFO:Huber Regressor Imported succesfully
2022-07-07 16:33:03,811:INFO:Starting cross validation
2022-07-07 16:33:03,812:INFO:Cross validating with KFold(n_splits=10, random_state=None, shuffle=False), n_jobs=1
2022-07-07 16:33:08,357:INFO:Calculating mean and std
2022-07-07 16:33:08,358:INFO:Creating metrics dataframe
2022-07-07 16:33:08,362:INFO:Uploading results into container
2022-07-07 16:33:08,362:INFO:Uploading model into container now
2022-07-07 16:33:08,362:INFO:create_model_container: 10
2022-07-07 16:33:08,362:INFO:master_model_container: 10
2022-07-07 16:33:08,362:INFO:display_container: 2
2022-07-07 16:33:08,362:INFO:HuberRegressor(alpha=0.0001, epsilon=1.35, fit_intercept=True, max_iter=100,
               tol=1e-05, warm_start=False)
2022-07-07 16:33:08,362:INFO:create_model() succesfully completed......................................
2022-07-07 16:33:08,455:INFO:SubProcess create_model() end ==================================
2022-07-07 16:33:08,455:INFO:Creating metrics dataframe
2022-07-07 16:33:08,469:INFO:Initializing K Neighbors Regressor
2022-07-07 16:33:08,469:INFO:Total runtime is 0.1212427298227946 minutes
2022-07-07 16:33:08,475:INFO:SubProcess create_model() called ==================================
2022-07-07 16:33:08,475:INFO:Initializing create_model()
2022-07-07 16:33:08,475:INFO:create_model(estimator=knn, fold=KFold(n_splits=10, random_state=None, shuffle=False), round=4, cross_validation=True, predict=True, fit_kwargs={}, groups=None, refit=False, verbose=False, system=False, metrics=None, add_to_model_list=True, probability_threshold=None, display=<pycaret.internal.Display.Display object at 0x2aab6fd48350>, kwargs={})
2022-07-07 16:33:08,475:INFO:Checking exceptions
2022-07-07 16:33:08,475:INFO:Importing libraries
2022-07-07 16:33:08,475:INFO:Copying training dataset
2022-07-07 16:33:08,477:INFO:Defining folds
2022-07-07 16:33:08,477:INFO:Declaring metric variables
2022-07-07 16:33:08,482:INFO:Importing untrained model
2022-07-07 16:33:08,488:INFO:K Neighbors Regressor Imported succesfully
2022-07-07 16:33:08,499:INFO:Starting cross validation
2022-07-07 16:33:08,500:INFO:Cross validating with KFold(n_splits=10, random_state=None, shuffle=False), n_jobs=1
2022-07-07 16:33:22,073:INFO:Calculating mean and std
2022-07-07 16:33:22,074:INFO:Creating metrics dataframe
2022-07-07 16:33:22,078:INFO:Uploading results into container
2022-07-07 16:33:22,079:INFO:Uploading model into container now
2022-07-07 16:33:22,079:INFO:create_model_container: 11
2022-07-07 16:33:22,079:INFO:master_model_container: 11
2022-07-07 16:33:22,079:INFO:display_container: 2
2022-07-07 16:33:22,079:INFO:KNeighborsRegressor(algorithm='auto', leaf_size=30, metric='minkowski',
                    metric_params=None, n_jobs=-1, n_neighbors=5, p=2,
                    weights='uniform')
2022-07-07 16:33:22,079:INFO:create_model() succesfully completed......................................
2022-07-07 16:33:22,184:INFO:SubProcess create_model() end ==================================
2022-07-07 16:33:22,184:INFO:Creating metrics dataframe
2022-07-07 16:33:22,198:INFO:Initializing Decision Tree Regressor
2022-07-07 16:33:22,199:INFO:Total runtime is 0.35006804068883257 minutes
2022-07-07 16:33:22,205:INFO:SubProcess create_model() called ==================================
2022-07-07 16:33:22,205:INFO:Initializing create_model()
2022-07-07 16:33:22,205:INFO:create_model(estimator=dt, fold=KFold(n_splits=10, random_state=None, shuffle=False), round=4, cross_validation=True, predict=True, fit_kwargs={}, groups=None, refit=False, verbose=False, system=False, metrics=None, add_to_model_list=True, probability_threshold=None, display=<pycaret.internal.Display.Display object at 0x2aab6fd48350>, kwargs={})
2022-07-07 16:33:22,205:INFO:Checking exceptions
2022-07-07 16:33:22,205:INFO:Importing libraries
2022-07-07 16:33:22,205:INFO:Copying training dataset
2022-07-07 16:33:22,206:INFO:Defining folds
2022-07-07 16:33:22,206:INFO:Declaring metric variables
2022-07-07 16:33:22,212:INFO:Importing untrained model
2022-07-07 16:33:22,217:INFO:Decision Tree Regressor Imported succesfully
2022-07-07 16:33:22,229:INFO:Starting cross validation
2022-07-07 16:33:22,229:INFO:Cross validating with KFold(n_splits=10, random_state=None, shuffle=False), n_jobs=1
2022-07-07 16:33:24,634:INFO:Calculating mean and std
2022-07-07 16:33:24,635:INFO:Creating metrics dataframe
2022-07-07 16:33:24,639:INFO:Uploading results into container
2022-07-07 16:33:24,639:INFO:Uploading model into container now
2022-07-07 16:33:24,639:INFO:create_model_container: 12
2022-07-07 16:33:24,639:INFO:master_model_container: 12
2022-07-07 16:33:24,639:INFO:display_container: 2
2022-07-07 16:33:24,639:INFO:DecisionTreeRegressor(ccp_alpha=0.0, criterion='mse', max_depth=None,
                      max_features=None, max_leaf_nodes=None,
                      min_impurity_decrease=0.0, min_impurity_split=None,
                      min_samples_leaf=1, min_samples_split=2,
                      min_weight_fraction_leaf=0.0, presort='deprecated',
                      random_state=930, splitter='best')
2022-07-07 16:33:24,639:INFO:create_model() succesfully completed......................................
2022-07-07 16:33:24,727:INFO:SubProcess create_model() end ==================================
2022-07-07 16:33:24,727:INFO:Creating metrics dataframe
2022-07-07 16:33:24,742:INFO:Initializing Random Forest Regressor
2022-07-07 16:33:24,742:INFO:Total runtime is 0.3924592852592468 minutes
2022-07-07 16:33:24,748:INFO:SubProcess create_model() called ==================================
2022-07-07 16:33:24,748:INFO:Initializing create_model()
2022-07-07 16:33:24,748:INFO:create_model(estimator=rf, fold=KFold(n_splits=10, random_state=None, shuffle=False), round=4, cross_validation=True, predict=True, fit_kwargs={}, groups=None, refit=False, verbose=False, system=False, metrics=None, add_to_model_list=True, probability_threshold=None, display=<pycaret.internal.Display.Display object at 0x2aab6fd48350>, kwargs={})
2022-07-07 16:33:24,748:INFO:Checking exceptions
2022-07-07 16:33:24,748:INFO:Importing libraries
2022-07-07 16:33:24,748:INFO:Copying training dataset
2022-07-07 16:33:24,749:INFO:Defining folds
2022-07-07 16:33:24,750:INFO:Declaring metric variables
2022-07-07 16:33:24,755:INFO:Importing untrained model
2022-07-07 16:33:24,760:INFO:Random Forest Regressor Imported succesfully
2022-07-07 16:33:24,772:INFO:Starting cross validation
2022-07-07 16:33:24,772:INFO:Cross validating with KFold(n_splits=10, random_state=None, shuffle=False), n_jobs=1
2022-07-07 16:34:11,533:INFO:Calculating mean and std
2022-07-07 16:34:11,535:INFO:Creating metrics dataframe
2022-07-07 16:34:11,539:INFO:Uploading results into container
2022-07-07 16:34:11,539:INFO:Uploading model into container now
2022-07-07 16:34:11,539:INFO:create_model_container: 13
2022-07-07 16:34:11,539:INFO:master_model_container: 13
2022-07-07 16:34:11,539:INFO:display_container: 2
2022-07-07 16:34:11,540:INFO:RandomForestRegressor(bootstrap=True, ccp_alpha=0.0, criterion='mse',
                      max_depth=None, max_features='auto', max_leaf_nodes=None,
                      max_samples=None, min_impurity_decrease=0.0,
                      min_impurity_split=None, min_samples_leaf=1,
                      min_samples_split=2, min_weight_fraction_leaf=0.0,
                      n_estimators=100, n_jobs=-1, oob_score=False,
                      random_state=930, verbose=0, warm_start=False)
2022-07-07 16:34:11,540:INFO:create_model() succesfully completed......................................
2022-07-07 16:34:11,700:INFO:SubProcess create_model() end ==================================
2022-07-07 16:34:11,700:INFO:Creating metrics dataframe
2022-07-07 16:34:11,714:INFO:Initializing Extra Trees Regressor
2022-07-07 16:34:11,714:INFO:Total runtime is 1.175328580538432 minutes
2022-07-07 16:34:11,720:INFO:SubProcess create_model() called ==================================
2022-07-07 16:34:11,720:INFO:Initializing create_model()
2022-07-07 16:34:11,720:INFO:create_model(estimator=et, fold=KFold(n_splits=10, random_state=None, shuffle=False), round=4, cross_validation=True, predict=True, fit_kwargs={}, groups=None, refit=False, verbose=False, system=False, metrics=None, add_to_model_list=True, probability_threshold=None, display=<pycaret.internal.Display.Display object at 0x2aab6fd48350>, kwargs={})
2022-07-07 16:34:11,720:INFO:Checking exceptions
2022-07-07 16:34:11,720:INFO:Importing libraries
2022-07-07 16:34:11,720:INFO:Copying training dataset
2022-07-07 16:34:11,722:INFO:Defining folds
2022-07-07 16:34:11,722:INFO:Declaring metric variables
2022-07-07 16:34:11,727:INFO:Importing untrained model
2022-07-07 16:34:11,732:INFO:Extra Trees Regressor Imported succesfully
2022-07-07 16:34:11,743:INFO:Starting cross validation
2022-07-07 16:34:11,743:INFO:Cross validating with KFold(n_splits=10, random_state=None, shuffle=False), n_jobs=1
2022-07-07 16:35:06,485:INFO:Calculating mean and std
2022-07-07 16:35:06,487:INFO:Creating metrics dataframe
2022-07-07 16:35:06,491:INFO:Uploading results into container
2022-07-07 16:35:06,491:INFO:Uploading model into container now
2022-07-07 16:35:06,491:INFO:create_model_container: 14
2022-07-07 16:35:06,491:INFO:master_model_container: 14
2022-07-07 16:35:06,491:INFO:display_container: 2
2022-07-07 16:35:06,491:INFO:ExtraTreesRegressor(bootstrap=False, ccp_alpha=0.0, criterion='mse',
                    max_depth=None, max_features='auto', max_leaf_nodes=None,
                    max_samples=None, min_impurity_decrease=0.0,
                    min_impurity_split=None, min_samples_leaf=1,
                    min_samples_split=2, min_weight_fraction_leaf=0.0,
                    n_estimators=100, n_jobs=-1, oob_score=False,
                    random_state=930, verbose=0, warm_start=False)
2022-07-07 16:35:06,492:INFO:create_model() succesfully completed......................................
2022-07-07 16:35:06,628:INFO:SubProcess create_model() end ==================================
2022-07-07 16:35:06,628:INFO:Creating metrics dataframe
2022-07-07 16:35:06,642:INFO:Initializing AdaBoost Regressor
2022-07-07 16:35:06,643:INFO:Total runtime is 2.090802745024363 minutes
2022-07-07 16:35:06,649:INFO:SubProcess create_model() called ==================================
2022-07-07 16:35:06,649:INFO:Initializing create_model()
2022-07-07 16:35:06,649:INFO:create_model(estimator=ada, fold=KFold(n_splits=10, random_state=None, shuffle=False), round=4, cross_validation=True, predict=True, fit_kwargs={}, groups=None, refit=False, verbose=False, system=False, metrics=None, add_to_model_list=True, probability_threshold=None, display=<pycaret.internal.Display.Display object at 0x2aab6fd48350>, kwargs={})
2022-07-07 16:35:06,649:INFO:Checking exceptions
2022-07-07 16:35:06,649:INFO:Importing libraries
2022-07-07 16:35:06,649:INFO:Copying training dataset
2022-07-07 16:35:06,650:INFO:Defining folds
2022-07-07 16:35:06,650:INFO:Declaring metric variables
2022-07-07 16:35:06,656:INFO:Importing untrained model
2022-07-07 16:35:06,661:INFO:AdaBoost Regressor Imported succesfully
2022-07-07 16:35:06,672:INFO:Starting cross validation
2022-07-07 16:35:06,673:INFO:Cross validating with KFold(n_splits=10, random_state=None, shuffle=False), n_jobs=1
2022-07-07 16:35:40,044:INFO:Calculating mean and std
2022-07-07 16:35:40,046:INFO:Creating metrics dataframe
2022-07-07 16:35:40,050:INFO:Uploading results into container
2022-07-07 16:35:40,050:INFO:Uploading model into container now
2022-07-07 16:35:40,050:INFO:create_model_container: 15
2022-07-07 16:35:40,050:INFO:master_model_container: 15
2022-07-07 16:35:40,050:INFO:display_container: 2
2022-07-07 16:35:40,050:INFO:AdaBoostRegressor(base_estimator=None, learning_rate=1.0, loss='linear',
                  n_estimators=50, random_state=930)
2022-07-07 16:35:40,050:INFO:create_model() succesfully completed......................................
2022-07-07 16:35:40,167:INFO:SubProcess create_model() end ==================================
2022-07-07 16:35:40,167:INFO:Creating metrics dataframe
2022-07-07 16:35:40,181:INFO:Initializing Gradient Boosting Regressor
2022-07-07 16:35:40,181:INFO:Total runtime is 2.6497824867566426 minutes
2022-07-07 16:35:40,187:INFO:SubProcess create_model() called ==================================
2022-07-07 16:35:40,188:INFO:Initializing create_model()
2022-07-07 16:35:40,188:INFO:create_model(estimator=gbr, fold=KFold(n_splits=10, random_state=None, shuffle=False), round=4, cross_validation=True, predict=True, fit_kwargs={}, groups=None, refit=False, verbose=False, system=False, metrics=None, add_to_model_list=True, probability_threshold=None, display=<pycaret.internal.Display.Display object at 0x2aab6fd48350>, kwargs={})
2022-07-07 16:35:40,188:INFO:Checking exceptions
2022-07-07 16:35:40,188:INFO:Importing libraries
2022-07-07 16:35:40,188:INFO:Copying training dataset
2022-07-07 16:35:40,189:INFO:Defining folds
2022-07-07 16:35:40,189:INFO:Declaring metric variables
2022-07-07 16:35:40,194:INFO:Importing untrained model
2022-07-07 16:35:40,200:INFO:Gradient Boosting Regressor Imported succesfully
2022-07-07 16:35:40,211:INFO:Starting cross validation
2022-07-07 16:35:40,211:INFO:Cross validating with KFold(n_splits=10, random_state=None, shuffle=False), n_jobs=1
2022-07-07 16:36:52,725:INFO:Calculating mean and std
2022-07-07 16:36:52,726:INFO:Creating metrics dataframe
2022-07-07 16:36:52,730:INFO:Uploading results into container
2022-07-07 16:36:52,730:INFO:Uploading model into container now
2022-07-07 16:36:52,730:INFO:create_model_container: 16
2022-07-07 16:36:52,730:INFO:master_model_container: 16
2022-07-07 16:36:52,730:INFO:display_container: 2
2022-07-07 16:36:52,731:INFO:GradientBoostingRegressor(alpha=0.9, ccp_alpha=0.0, criterion='friedman_mse',
                          init=None, learning_rate=0.1, loss='ls', max_depth=3,
                          max_features=None, max_leaf_nodes=None,
                          min_impurity_decrease=0.0, min_impurity_split=None,
                          min_samples_leaf=1, min_samples_split=2,
                          min_weight_fraction_leaf=0.0, n_estimators=100,
                          n_iter_no_change=None, presort='deprecated',
                          random_state=930, subsample=1.0, tol=0.0001,
                          validation_fraction=0.1, verbose=0, warm_start=False)
2022-07-07 16:36:52,731:INFO:create_model() succesfully completed......................................
2022-07-07 16:36:52,837:INFO:SubProcess create_model() end ==================================
2022-07-07 16:36:52,837:INFO:Creating metrics dataframe
2022-07-07 16:36:52,852:INFO:Initializing Light Gradient Boosting Machine
2022-07-07 16:36:52,852:INFO:Total runtime is 3.8609646717707315 minutes
2022-07-07 16:36:52,858:INFO:SubProcess create_model() called ==================================
2022-07-07 16:36:52,859:INFO:Initializing create_model()
2022-07-07 16:36:52,859:INFO:create_model(estimator=lightgbm, fold=KFold(n_splits=10, random_state=None, shuffle=False), round=4, cross_validation=True, predict=True, fit_kwargs={}, groups=None, refit=False, verbose=False, system=False, metrics=None, add_to_model_list=True, probability_threshold=None, display=<pycaret.internal.Display.Display object at 0x2aab6fd48350>, kwargs={})
2022-07-07 16:36:52,859:INFO:Checking exceptions
2022-07-07 16:36:52,859:INFO:Importing libraries
2022-07-07 16:36:52,859:INFO:Copying training dataset
2022-07-07 16:36:52,860:INFO:Defining folds
2022-07-07 16:36:52,860:INFO:Declaring metric variables
2022-07-07 16:36:52,865:INFO:Importing untrained model
2022-07-07 16:36:52,870:INFO:Light Gradient Boosting Machine Imported succesfully
2022-07-07 16:36:52,881:INFO:Starting cross validation
2022-07-07 16:36:52,881:INFO:Cross validating with KFold(n_splits=10, random_state=None, shuffle=False), n_jobs=1
2022-07-07 16:36:55,829:INFO:Calculating mean and std
2022-07-07 16:36:55,831:INFO:Creating metrics dataframe
2022-07-07 16:36:55,834:INFO:Uploading results into container
2022-07-07 16:36:55,835:INFO:Uploading model into container now
2022-07-07 16:36:55,835:INFO:create_model_container: 17
2022-07-07 16:36:55,835:INFO:master_model_container: 17
2022-07-07 16:36:55,835:INFO:display_container: 2
2022-07-07 16:36:55,835:INFO:LGBMRegressor(boosting_type='gbdt', class_weight=None, colsample_bytree=1.0,
              importance_type='split', learning_rate=0.1, max_depth=-1,
              min_child_samples=20, min_child_weight=0.001, min_split_gain=0.0,
              n_estimators=100, n_jobs=-1, num_leaves=31, objective=None,
              random_state=930, reg_alpha=0.0, reg_lambda=0.0, silent='warn',
              subsample=1.0, subsample_for_bin=200000, subsample_freq=0)
2022-07-07 16:36:55,835:INFO:create_model() succesfully completed......................................
2022-07-07 16:36:55,943:INFO:SubProcess create_model() end ==================================
2022-07-07 16:36:55,943:INFO:Creating metrics dataframe
2022-07-07 16:36:55,958:INFO:Initializing Dummy Regressor
2022-07-07 16:36:55,958:INFO:Total runtime is 3.9127323110898335 minutes
2022-07-07 16:36:55,964:INFO:SubProcess create_model() called ==================================
2022-07-07 16:36:55,964:INFO:Initializing create_model()
2022-07-07 16:36:55,965:INFO:create_model(estimator=dummy, fold=KFold(n_splits=10, random_state=None, shuffle=False), round=4, cross_validation=True, predict=True, fit_kwargs={}, groups=None, refit=False, verbose=False, system=False, metrics=None, add_to_model_list=True, probability_threshold=None, display=<pycaret.internal.Display.Display object at 0x2aab6fd48350>, kwargs={})
2022-07-07 16:36:55,965:INFO:Checking exceptions
2022-07-07 16:36:55,965:INFO:Importing libraries
2022-07-07 16:36:55,965:INFO:Copying training dataset
2022-07-07 16:36:55,966:INFO:Defining folds
2022-07-07 16:36:55,966:INFO:Declaring metric variables
2022-07-07 16:36:55,971:INFO:Importing untrained model
2022-07-07 16:36:55,976:INFO:Dummy Regressor Imported succesfully
2022-07-07 16:36:55,987:INFO:Starting cross validation
2022-07-07 16:36:55,988:INFO:Cross validating with KFold(n_splits=10, random_state=None, shuffle=False), n_jobs=1
2022-07-07 16:36:56,034:INFO:Calculating mean and std
2022-07-07 16:36:56,034:INFO:Creating metrics dataframe
2022-07-07 16:36:56,037:INFO:Uploading results into container
2022-07-07 16:36:56,037:INFO:Uploading model into container now
2022-07-07 16:36:56,037:INFO:create_model_container: 18
2022-07-07 16:36:56,037:INFO:master_model_container: 18
2022-07-07 16:36:56,037:INFO:display_container: 2
2022-07-07 16:36:56,038:INFO:DummyRegressor(constant=None, quantile=None, strategy='mean')
2022-07-07 16:36:56,038:INFO:create_model() succesfully completed......................................
2022-07-07 16:36:56,101:INFO:SubProcess create_model() end ==================================
2022-07-07 16:36:56,102:INFO:Creating metrics dataframe
2022-07-07 16:36:56,128:INFO:Initializing create_model()
2022-07-07 16:36:56,128:INFO:create_model(estimator=LinearRegression(copy_X=True, fit_intercept=True, n_jobs=-1, normalize=False), fold=KFold(n_splits=10, random_state=None, shuffle=False), round=4, cross_validation=False, predict=False, fit_kwargs={}, groups=None, refit=True, verbose=False, system=False, metrics=None, add_to_model_list=True, probability_threshold=None, display=None, kwargs={})
2022-07-07 16:36:56,128:INFO:Checking exceptions
2022-07-07 16:36:56,128:INFO:Importing libraries
2022-07-07 16:36:56,128:INFO:Copying training dataset
2022-07-07 16:36:56,129:INFO:Defining folds
2022-07-07 16:36:56,129:INFO:Declaring metric variables
2022-07-07 16:36:56,129:INFO:Importing untrained model
2022-07-07 16:36:56,129:INFO:Declaring custom model
2022-07-07 16:36:56,129:INFO:Linear Regression Imported succesfully
2022-07-07 16:36:56,129:INFO:Cross validation set to False
2022-07-07 16:36:56,129:INFO:Fitting Model
2022-07-07 16:36:56,133:INFO:LinearRegression(copy_X=True, fit_intercept=True, n_jobs=-1, normalize=False)
2022-07-07 16:36:56,133:INFO:create_models() succesfully completed......................................
2022-07-07 16:36:56,241:INFO:create_model_container: 18
2022-07-07 16:36:56,242:INFO:master_model_container: 18
2022-07-07 16:36:56,242:INFO:display_container: 2
2022-07-07 16:36:56,242:INFO:LinearRegression(copy_X=True, fit_intercept=True, n_jobs=-1, normalize=False)
2022-07-07 16:36:56,242:INFO:compare_models() succesfully completed......................................
2022-07-07 16:37:17,093:INFO:Initializing create_model()
2022-07-07 16:37:17,093:INFO:create_model(estimator=et, fold=None, round=4, cross_validation=True, predict=True, fit_kwargs=None, groups=None, refit=True, verbose=True, system=True, metrics=None, add_to_model_list=True, probability_threshold=None, display=None, kwargs={})
2022-07-07 16:37:17,093:INFO:Checking exceptions
2022-07-07 16:37:17,093:INFO:Preparing display monitor
2022-07-07 16:37:17,106:INFO:Importing libraries
2022-07-07 16:37:17,106:INFO:Copying training dataset
2022-07-07 16:37:17,106:INFO:Defining folds
2022-07-07 16:37:17,107:INFO:Declaring metric variables
2022-07-07 16:37:17,111:INFO:Importing untrained model
2022-07-07 16:37:17,117:INFO:Extra Trees Regressor Imported succesfully
2022-07-07 16:37:17,126:INFO:Starting cross validation
2022-07-07 16:37:17,127:INFO:Cross validating with KFold(n_splits=10, random_state=None, shuffle=False), n_jobs=1
2022-07-07 16:38:15,331:INFO:Calculating mean and std
2022-07-07 16:38:15,333:INFO:Creating metrics dataframe
2022-07-07 16:38:15,343:INFO:Finalizing model
2022-07-07 16:38:16,704:INFO:Uploading results into container
2022-07-07 16:38:16,705:INFO:Uploading model into container now
2022-07-07 16:38:16,714:INFO:create_model_container: 19
2022-07-07 16:38:16,714:INFO:master_model_container: 19
2022-07-07 16:38:16,714:INFO:display_container: 3
2022-07-07 16:38:16,715:INFO:ExtraTreesRegressor(bootstrap=False, ccp_alpha=0.0, criterion='mse',
                    max_depth=None, max_features='auto', max_leaf_nodes=None,
                    max_samples=None, min_impurity_decrease=0.0,
                    min_impurity_split=None, min_samples_leaf=1,
                    min_samples_split=2, min_weight_fraction_leaf=0.0,
                    n_estimators=100, n_jobs=-1, oob_score=False,
                    random_state=930, verbose=0, warm_start=False)
2022-07-07 16:38:16,715:INFO:create_model() succesfully completed......................................
2022-07-07 16:38:32,760:INFO:Initializing predict_model()
2022-07-07 16:38:32,761:INFO:predict_model(estimator=ExtraTreesRegressor(bootstrap=False, ccp_alpha=0.0, criterion='mse',
                    max_depth=None, max_features='auto', max_leaf_nodes=None,
                    max_samples=None, min_impurity_decrease=0.0,
                    min_impurity_split=None, min_samples_leaf=1,
                    min_samples_split=2, min_weight_fraction_leaf=0.0,
                    n_estimators=100, n_jobs=-1, oob_score=False,
                    random_state=930, verbose=0, warm_start=False), probability_threshold=None, encoded_labels=True, raw_score=False, round=4, verbose=True, ml_usecase=MLUsecase.REGRESSION, display=None)
2022-07-07 16:38:32,761:INFO:Checking exceptions
2022-07-07 16:38:32,761:INFO:Preloading libraries
2022-07-07 16:38:32,761:INFO:Preparing display monitor
2022-07-07 16:38:34,808:INFO:Initializing finalize_model()
2022-07-07 16:38:34,808:INFO:finalize_model(estimator=ExtraTreesRegressor(bootstrap=False, ccp_alpha=0.0, criterion='mse',
                    max_depth=None, max_features='auto', max_leaf_nodes=None,
                    max_samples=None, min_impurity_decrease=0.0,
                    min_impurity_split=None, min_samples_leaf=1,
                    min_samples_split=2, min_weight_fraction_leaf=0.0,
                    n_estimators=100, n_jobs=-1, oob_score=False,
                    random_state=930, verbose=0, warm_start=False), fit_kwargs=None, groups=None, model_only=True, display=None)
2022-07-07 16:38:34,809:INFO:Finalizing ExtraTreesRegressor(bootstrap=False, ccp_alpha=0.0, criterion='mse',
                    max_depth=None, max_features='auto', max_leaf_nodes=None,
                    max_samples=None, min_impurity_decrease=0.0,
                    min_impurity_split=None, min_samples_leaf=1,
                    min_samples_split=2, min_weight_fraction_leaf=0.0,
                    n_estimators=100, n_jobs=-1, oob_score=False,
                    random_state=930, verbose=0, warm_start=False)
2022-07-07 16:38:34,809:INFO:Initializing create_model()
2022-07-07 16:38:34,809:INFO:create_model(estimator=ExtraTreesRegressor(bootstrap=False, ccp_alpha=0.0, criterion='mse',
                    max_depth=None, max_features='auto', max_leaf_nodes=None,
                    max_samples=None, min_impurity_decrease=0.0,
                    min_impurity_split=None, min_samples_leaf=1,
                    min_samples_split=2, min_weight_fraction_leaf=0.0,
                    n_estimators=100, n_jobs=-1, oob_score=False,
                    random_state=930, verbose=0, warm_start=False), fold=None, round=4, cross_validation=True, predict=True, fit_kwargs={}, groups=None, refit=True, verbose=False, system=False, metrics=None, add_to_model_list=False, probability_threshold=None, display=None, kwargs={})
2022-07-07 16:38:34,809:INFO:Checking exceptions
2022-07-07 16:38:34,809:INFO:Importing libraries
2022-07-07 16:38:34,809:INFO:Copying training dataset
2022-07-07 16:38:34,810:INFO:Defining folds
2022-07-07 16:38:34,810:INFO:Declaring metric variables
2022-07-07 16:38:34,810:INFO:Importing untrained model
2022-07-07 16:38:34,810:INFO:Declaring custom model
2022-07-07 16:38:34,811:INFO:Extra Trees Regressor Imported succesfully
2022-07-07 16:38:34,811:INFO:Starting cross validation
2022-07-07 16:38:34,811:INFO:Cross validating with KFold(n_splits=10, random_state=None, shuffle=False), n_jobs=1
2022-07-07 16:39:30,505:INFO:Calculating mean and std
2022-07-07 16:39:30,506:INFO:Creating metrics dataframe
2022-07-07 16:39:30,510:INFO:Finalizing model
2022-07-07 16:39:31,908:INFO:create_model_container: 19
2022-07-07 16:39:31,908:INFO:master_model_container: 19
2022-07-07 16:39:31,908:INFO:display_container: 5
2022-07-07 16:39:31,908:INFO:ExtraTreesRegressor(bootstrap=False, ccp_alpha=0.0, criterion='mse',
                    max_depth=None, max_features='auto', max_leaf_nodes=None,
                    max_samples=None, min_impurity_decrease=0.0,
                    min_impurity_split=None, min_samples_leaf=1,
                    min_samples_split=2, min_weight_fraction_leaf=0.0,
                    n_estimators=100, n_jobs=-1, oob_score=False,
                    random_state=930, verbose=0, warm_start=False)
2022-07-07 16:39:31,908:INFO:create_model() succesfully completed......................................
2022-07-07 16:39:32,066:INFO:create_model_container: 19
2022-07-07 16:39:32,066:INFO:master_model_container: 19
2022-07-07 16:39:32,066:INFO:display_container: 4
2022-07-07 16:39:32,066:INFO:ExtraTreesRegressor(bootstrap=False, ccp_alpha=0.0, criterion='mse',
                    max_depth=None, max_features='auto', max_leaf_nodes=None,
                    max_samples=None, min_impurity_decrease=0.0,
                    min_impurity_split=None, min_samples_leaf=1,
                    min_samples_split=2, min_weight_fraction_leaf=0.0,
                    n_estimators=100, n_jobs=-1, oob_score=False,
                    random_state=930, verbose=0, warm_start=False)
2022-07-07 16:39:32,066:INFO:finalize_model() succesfully completed......................................
2022-07-07 16:40:37,818:INFO:Initializing save_model()
2022-07-07 16:40:37,818:INFO:save_model(model=ExtraTreesRegressor(bootstrap=False, ccp_alpha=0.0, criterion='mse',
                    max_depth=None, max_features='auto', max_leaf_nodes=None,
                    max_samples=None, min_impurity_decrease=0.0,
                    min_impurity_split=None, min_samples_leaf=1,
                    min_samples_split=2, min_weight_fraction_leaf=0.0,
                    n_estimators=100, n_jobs=-1, oob_score=False,
                    random_state=930, verbose=0, warm_start=False), model_name=../../D2GNets/models/LNIC50_Model/Final_et_LNIC50_Model_25June2022, prep_pipe_=Pipeline(memory=None,
         steps=[('dtypes',
                 DataTypes_Auto_infer(categorical_features=[],
                                      display_types=True, features_todrop=[],
                                      id_columns=[], ml_usecase='regression',
                                      numerical_features=['LN_IC50_t'],
                                      target='LN_IC50', time_features=[])),
                ('imputer',
                 Simple_Imputer(categorical_strategy='not_available',
                                fill_value_categorical=None,
                                fill_value_numerical=None,
                                numer...
                ('scaling', 'passthrough'), ('P_transform', 'passthrough'),
                ('binn', 'passthrough'), ('rem_outliers', 'passthrough'),
                ('cluster_all', 'passthrough'),
                ('dummy', Dummify(target='LN_IC50')),
                ('fix_perfect', Remove_100(target='LN_IC50')),
                ('clean_names', Clean_Colum_Names()),
                ('feature_select', 'passthrough'), ('fix_multi', 'passthrough'),
                ('dfs', 'passthrough'), ('pca', 'passthrough')],
         verbose=False), verbose=True, kwargs={})
2022-07-07 16:40:37,818:INFO:Adding model into prep_pipe
2022-07-07 16:40:38,452:INFO:../../D2GNets/models/LNIC50_Model/Final_et_LNIC50_Model_25June2022.pkl saved in current working directory
2022-07-07 16:40:38,456:INFO:Pipeline(memory=None,
         steps=[('dtypes',
                 DataTypes_Auto_infer(categorical_features=[],
                                      display_types=True, features_todrop=[],
                                      id_columns=[], ml_usecase='regression',
                                      numerical_features=['LN_IC50_t'],
                                      target='LN_IC50', time_features=[])),
                ('imputer',
                 Simple_Imputer(categorical_strategy='not_available',
                                fill_value_categorical=None,
                                fill_value_numerical=None,
                                numer...
                 ExtraTreesRegressor(bootstrap=False, ccp_alpha=0.0,
                                     criterion='mse', max_depth=None,
                                     max_features='auto', max_leaf_nodes=None,
                                     max_samples=None,
                                     min_impurity_decrease=0.0,
                                     min_impurity_split=None,
                                     min_samples_leaf=1, min_samples_split=2,
                                     min_weight_fraction_leaf=0.0,
                                     n_estimators=100, n_jobs=-1,
                                     oob_score=False, random_state=930,
                                     verbose=0, warm_start=False)]],
         verbose=False)
2022-07-07 16:40:38,456:INFO:save_model() successfully completed......................................
2022-07-07 17:09:56,107:INFO:Initializing load_model()
2022-07-07 17:09:56,107:INFO:load_model(model_name=../../D2GNets/models/LNIC50_Model/Final_et_LNIC50_Model_25June2022, platform=None, authentication=None, verbose=True)
2022-07-07 17:12:48,258:INFO:Initializing predict_model()
2022-07-07 17:12:48,258:INFO:predict_model(estimator=Pipeline(steps=[('dtypes',
                 DataTypes_Auto_infer(ml_usecase='regression',
                                      numerical_features=['LN_IC50_t'],
                                      target='LN_IC50')),
                ('imputer',
                 Simple_Imputer(categorical_strategy='not_available',
                                fill_value_categorical=None,
                                fill_value_numerical=None,
                                numeric_strategy='mean',
                                target_variable=None)),
                ('new_levels1',
                 New_Catagorical_Levels_in_TestData(replacement_s...
                ('binn', 'passthrough'), ('rem_outliers', 'passthrough'),
                ('cluster_all', 'passthrough'),
                ('dummy', Dummify(target='LN_IC50')),
                ('fix_perfect', Remove_100(target='LN_IC50')),
                ('clean_names', Clean_Colum_Names()),
                ('feature_select', 'passthrough'), ('fix_multi', 'passthrough'),
                ('dfs', 'passthrough'), ('pca', 'passthrough'),
                ['trained_model',
                 ExtraTreesRegressor(n_jobs=-1, random_state=930)]]), probability_threshold=None, encoded_labels=True, raw_score=False, round=4, verbose=True, ml_usecase=MLUsecase.REGRESSION, display=None)
2022-07-07 17:12:48,258:INFO:Checking exceptions
2022-07-07 17:12:48,258:INFO:Preloading libraries
2022-07-07 17:20:28,814:INFO:Initializing predict_model()
2022-07-07 17:20:28,814:INFO:predict_model(estimator=Pipeline(steps=[('dtypes',
                 DataTypes_Auto_infer(ml_usecase='regression',
                                      numerical_features=['LN_IC50_t'],
                                      target='LN_IC50')),
                ('imputer',
                 Simple_Imputer(categorical_strategy='not_available',
                                fill_value_categorical=None,
                                fill_value_numerical=None,
                                numeric_strategy='mean',
                                target_variable=None)),
                ('new_levels1',
                 New_Catagorical_Levels_in_TestData(replacement_s...
                ('binn', 'passthrough'), ('rem_outliers', 'passthrough'),
                ('cluster_all', 'passthrough'),
                ('dummy', Dummify(target='LN_IC50')),
                ('fix_perfect', Remove_100(target='LN_IC50')),
                ('clean_names', Clean_Colum_Names()),
                ('feature_select', 'passthrough'), ('fix_multi', 'passthrough'),
                ('dfs', 'passthrough'), ('pca', 'passthrough'),
                ['trained_model',
                 ExtraTreesRegressor(n_jobs=-1, random_state=930)]]), probability_threshold=None, encoded_labels=True, raw_score=False, round=4, verbose=True, ml_usecase=MLUsecase.REGRESSION, display=None)
2022-07-07 17:20:28,814:INFO:Checking exceptions
2022-07-07 17:20:28,814:INFO:Preloading libraries
2022-07-07 17:21:50,531:INFO:Initializing predict_model()
2022-07-07 17:21:50,531:INFO:predict_model(estimator=Pipeline(steps=[('dtypes',
                 DataTypes_Auto_infer(ml_usecase='regression',
                                      numerical_features=['LN_IC50_t'],
                                      target='LN_IC50')),
                ('imputer',
                 Simple_Imputer(categorical_strategy='not_available',
                                fill_value_categorical=None,
                                fill_value_numerical=None,
                                numeric_strategy='mean',
                                target_variable=None)),
                ('new_levels1',
                 New_Catagorical_Levels_in_TestData(replacement_s...
                ('binn', 'passthrough'), ('rem_outliers', 'passthrough'),
                ('cluster_all', 'passthrough'),
                ('dummy', Dummify(target='LN_IC50')),
                ('fix_perfect', Remove_100(target='LN_IC50')),
                ('clean_names', Clean_Colum_Names()),
                ('feature_select', 'passthrough'), ('fix_multi', 'passthrough'),
                ('dfs', 'passthrough'), ('pca', 'passthrough'),
                ['trained_model',
                 ExtraTreesRegressor(n_jobs=-1, random_state=930)]]), probability_threshold=None, encoded_labels=True, raw_score=False, round=4, verbose=True, ml_usecase=MLUsecase.REGRESSION, display=None)
2022-07-07 17:21:50,531:INFO:Checking exceptions
2022-07-07 17:21:50,531:INFO:Preloading libraries
2022-07-07 17:22:39,785:INFO:Initializing predict_model()
2022-07-07 17:22:39,785:INFO:predict_model(estimator=Pipeline(steps=[('dtypes',
                 DataTypes_Auto_infer(ml_usecase='regression',
                                      numerical_features=['LN_IC50_t'],
                                      target='LN_IC50')),
                ('imputer',
                 Simple_Imputer(categorical_strategy='not_available',
                                fill_value_categorical=None,
                                fill_value_numerical=None,
                                numeric_strategy='mean',
                                target_variable=None)),
                ('new_levels1',
                 New_Catagorical_Levels_in_TestData(replacement_s...
                ('binn', 'passthrough'), ('rem_outliers', 'passthrough'),
                ('cluster_all', 'passthrough'),
                ('dummy', Dummify(target='LN_IC50')),
                ('fix_perfect', Remove_100(target='LN_IC50')),
                ('clean_names', Clean_Colum_Names()),
                ('feature_select', 'passthrough'), ('fix_multi', 'passthrough'),
                ('dfs', 'passthrough'), ('pca', 'passthrough'),
                ['trained_model',
                 ExtraTreesRegressor(n_jobs=-1, random_state=930)]]), probability_threshold=None, encoded_labels=True, raw_score=False, round=4, verbose=True, ml_usecase=MLUsecase.REGRESSION, display=None)
2022-07-07 17:22:39,785:INFO:Checking exceptions
2022-07-07 17:22:39,786:INFO:Preloading libraries
